<?xml version="1.0" encoding="UTF-8"?>
<testng-results ignored="0" total="1" passed="1" failed="0" skipped="0">
  <reporter-output>
  </reporter-output>
  <suite started-at="2024-02-19T17:28:43 IST" name="Default suite" finished-at="2024-02-19T17:28:45 IST" duration-ms="1742">
    <groups>
    </groups>
    <test started-at="2024-02-19T17:28:43 IST" name="Default test" finished-at="2024-02-19T17:28:45 IST" duration-ms="1742">
      <class name="restAssuredproj.PathQueryParmaeterTest">
        <test-method signature="testParams()[pri:0, instance:restAssuredproj.PathQueryParmaeterTest@31fa1761]" started-at="2024-02-19T17:28:43 IST" name="testParams" finished-at="2024-02-19T17:28:45 IST" duration-ms="1691" status="PASS">
          <reporter-output>
          </reporter-output>
        </test-method> <!-- testParams -->
      </class> <!-- restAssuredproj.PathQueryParmaeterTest -->
    </test> <!-- Default test -->
  </suite> <!-- Default suite -->
</testng-results>
